<?xml version="1.0" encoding="UTF-8"?>
<!-- Generated by org.testng.reporters.JUnitReportReporter -->
<testsuite hostname="PUNITP412989L" failures="0" tests="2" name="testcase.ApitestExtentReport" time="7.092" errors="0" timestamp="2023-04-06T11:39:37 IST" skipped="0">
  <testcase classname="testcase.ApitestExtentReport" name="createemp" time="5.246"/>
  <system-out/>
  <testcase classname="testcase.ApitestExtentReport" name="getUserbyid" time="1.846"/>
  <system-out/>
</testsuite> <!-- testcase.ApitestExtentReport -->
