<?xml version="1.0" encoding="UTF-8"?>
<!-- Generated by org.testng.reporters.JUnitReportReporter -->
<testsuite hostname="PUNITP412989L" failures="0" tests="2" name="testcase.Apitest" time="4.873" errors="0" timestamp="2023-04-05T18:19:33 IST" skipped="0">
  <testcase classname="testcase.Apitest" name="createemp" time="3.329"/>
  <system-out/>
  <testcase classname="testcase.Apitest" name="getUserbyid" time="1.544"/>
  <system-out/>
</testsuite> <!-- testcase.Apitest -->
